<?xml version="1.0" encoding="UTF-8"?>
<testsuite xmlns:xsi="http://www.w3.org/2001/XMLSchema-instance" xsi:noNamespaceSchemaLocation="https://maven.apache.org/surefire/maven-surefire-plugin/xsd/surefire-test-report.xsd" name="StorePageTest" time="52.114" tests="1" errors="1" skipped="0" failures="0">
  <properties>
[...]
</properties>
  <testcase name="createAccount_Results" classname="StorePageTest" time="52.065">
    <error message="Emirates.PageFactory.StorePage.AddressFirstName(Ljava/lang/String;)V" type="java.lang.NoSuchMethodError">java.lang.NoSuchMethodError: Emirates.PageFactory.StorePage.AddressFirstName(Ljava/lang/String;)V
	at StorePageTest.createAccount_Results(StorePageTest.java:48)
</error>
    <system-err><![CDATA[Starting ChromeDriver 2.45.615291 (ec3682e3c9061c10f26ea9e5cdcf3c53f3f74387) on port 15414
Only local connections are allowed.
Feb 21, 2019 3:12:43 PM org.openqa.selenium.remote.ProtocolHandshake createSession
INFO: Detected dialect: OSS
]]></system-err>
  </testcase>
</testsuite>